<?xml version="1.0" encoding="UTF-8"?>
<!-- Generated by org.testng.reporters.JUnitXMLReporter -->
<testsuite hostname="dell333" ignored="0" name="Default test" tests="4" failures="0" timestamp="03 Sep 2018 02:22:24 GMT" time="0.057" errors="0">
  <testcase name="first" time="0.006" classname="nimitacademy.Ma"/>
  <testcase name="fourth" time="0.008" classname="nimitacademy.Ma"/>
  <testcase name="second" time="0.0" classname="nimitacademy.Ma"/>
  <testcase name="third" time="0.0" classname="nimitacademy.Ma"/>
</testsuite> <!-- Default test -->
