<?xml version="1.0" encoding="UTF-8"?>
<!-- Generated by org.testng.reporters.JUnitXMLReporter -->
<testsuite hostname="dell333" ignored="0" name="Test" tests="4" failures="0" timestamp="15 Aug 2018 22:04:12 GMT" time="0.14" errors="0">
  <testcase name="first" time="0.046" classname="nimitacademy.FirstTest"/>
  <testcase name="seocnd" time="0.004" classname="nimitacademy.FirstTest"/>
  <testcase name="fourth" time="0.002" classname="nimitacademy.SecondTest"/>
  <testcase name="third" time="0.002" classname="nimitacademy.SecondTest"/>
</testsuite> <!-- Test -->
