<?xml version="1.0" encoding="UTF-8"?>
<testng-results skipped="0" failed="0" total="2" passed="2">
  <reporter-output>
  </reporter-output>
  <suite name="Suite" duration-ms="48" started-at="2018-09-03T02:53:59Z" finished-at="2018-09-03T02:53:59Z">
    <groups>
    </groups>
    <test name="Test" duration-ms="48" started-at="2018-09-03T02:53:59Z" finished-at="2018-09-03T02:53:59Z">
      <class name="nimitacademy.SecondTest">
        <test-method status="PASS" signature="fourth()[pri:0, instance:nimitacademy.SecondTest@402f32ff]" name="fourth" duration-ms="12" started-at="2018-09-02T22:53:59Z" finished-at="2018-09-02T22:53:59Z">
          <reporter-output>
          </reporter-output>
        </test-method> <!-- fourth -->
        <test-method status="PASS" signature="third()[pri:0, instance:nimitacademy.SecondTest@402f32ff]" name="third" duration-ms="0" started-at="2018-09-02T22:53:59Z" finished-at="2018-09-02T22:53:59Z">
          <reporter-output>
          </reporter-output>
        </test-method> <!-- third -->
      </class> <!-- nimitacademy.SecondTest -->
    </test> <!-- Test -->
  </suite> <!-- Suite -->
</testng-results>
