<?xml version="1.0" encoding="UTF-8"?>
<testng-results skipped="0" failed="0" ignored="0" total="4" passed="4">
  <reporter-output>
  </reporter-output>
  <suite name="Default suite" duration-ms="57" started-at="2018-09-03T02:22:24Z" finished-at="2018-09-03T02:22:24Z">
    <groups>
    </groups>
    <test name="Default test" duration-ms="57" started-at="2018-09-03T02:22:24Z" finished-at="2018-09-03T02:22:24Z">
      <class name="nimitacademy.Ma">
        <test-method status="PASS" signature="first()[pri:0, instance:nimitacademy.Ma@46d56d67]" name="first" duration-ms="6" started-at="2018-09-02T22:22:24Z" finished-at="2018-09-02T22:22:24Z">
          <reporter-output>
          </reporter-output>
        </test-method> <!-- first -->
        <test-method status="PASS" signature="fourth()[pri:0, instance:nimitacademy.Ma@46d56d67]" name="fourth" duration-ms="8" started-at="2018-09-02T22:22:24Z" finished-at="2018-09-02T22:22:24Z">
          <reporter-output>
          </reporter-output>
        </test-method> <!-- fourth -->
        <test-method status="PASS" signature="second()[pri:0, instance:nimitacademy.Ma@46d56d67]" name="second" duration-ms="0" started-at="2018-09-02T22:22:24Z" finished-at="2018-09-02T22:22:24Z">
          <reporter-output>
          </reporter-output>
        </test-method> <!-- second -->
        <test-method status="PASS" signature="third()[pri:0, instance:nimitacademy.Ma@46d56d67]" name="third" duration-ms="0" started-at="2018-09-02T22:22:24Z" finished-at="2018-09-02T22:22:24Z">
          <reporter-output>
          </reporter-output>
        </test-method> <!-- third -->
      </class> <!-- nimitacademy.Ma -->
    </test> <!-- Default test -->
  </suite> <!-- Default suite -->
</testng-results>
